<?xml version="1.0" encoding="UTF-8"?>
<testng-results ignored="0" total="1" passed="1" failed="0" skipped="0">
  <reporter-output>
  </reporter-output>
  <suite started-at="2020-12-09T02:20:25 GMT" name="Suite" finished-at="2020-12-09T02:20:36 GMT" duration-ms="10668">
    <groups>
    </groups>
    <test started-at="2020-12-09T02:20:25 GMT" name="Test" finished-at="2020-12-09T02:20:36 GMT" duration-ms="10668">
      <class name="bankTest.VerifyLoginTest">
        <test-method is-config="true" signature="beforeClass()[pri:0, instance:bankTest.VerifyLoginTest@49070868]" started-at="2020-12-09T02:20:25 GMT" name="beforeClass" finished-at="2020-12-09T02:20:33 GMT" duration-ms="7867" status="PASS">
          <reporter-output>
          </reporter-output>
        </test-method> <!-- beforeClass -->
        <test-method signature="f()[pri:0, instance:bankTest.VerifyLoginTest@49070868]" started-at="2020-12-09T02:20:33 GMT" name="f" finished-at="2020-12-09T02:20:35 GMT" duration-ms="1919" status="PASS">
          <reporter-output>
          </reporter-output>
        </test-method> <!-- f -->
        <test-method is-config="true" signature="afterClass()[pri:0, instance:bankTest.VerifyLoginTest@49070868]" started-at="2020-12-09T02:20:35 GMT" name="afterClass" finished-at="2020-12-09T02:20:36 GMT" duration-ms="812" status="PASS">
          <reporter-output>
          </reporter-output>
        </test-method> <!-- afterClass -->
      </class> <!-- bankTest.VerifyLoginTest -->
    </test> <!-- Test -->
  </suite> <!-- Suite -->
</testng-results>
